<?xml version="1.0" encoding="UTF-8"?>
<robot generator="Robot 6.1 (Python 3.11.4 on win32)" generated="20230626 09:21:25.603" rpa="false" schemaversion="4">
<suite id="s1" name="Busqueda" source="C:\Users\kirbi\Desktop\robot_framework\Practicas\Practica1\Busqueda.robot">
<test id="s1-t1" name="search in google" line="10">
<kw name="open the browser">
<kw name="Open Browser" library="SeleniumLibrary">
<arg>${HOMEPAGE}</arg>
<arg>${BROWSER}</arg>
<doc>Opens a new browser instance to the optional ``url``.</doc>
<msg timestamp="20230626 09:21:25.783" level="INFO">Opening browser 'Chrome' to base url 'https://www.google.com'.</msg>
<msg timestamp="20230626 09:21:25.793" level="INFO">Executing: C:\Users\kirbi\AppData\Local\Programs\Python\Python311\Lib\site-packages\selenium\webdriver\common\windows\selenium-manager.exe --browser chrome --output json</msg>
<status status="PASS" starttime="20230626 09:21:25.782" endtime="20230626 09:21:28.174"/>
</kw>
<status status="PASS" starttime="20230626 09:21:25.781" endtime="20230626 09:21:28.174"/>
</kw>
<kw name="search topic">
<arg>Universidad</arg>
<kw name="Input Text" library="SeleniumLibrary">
<arg>name=q</arg>
<arg>${topic}</arg>
<doc>Types the given ``text`` into the text field identified by ``locator``.</doc>
<msg timestamp="20230626 09:21:28.177" level="INFO">Typing text 'Universidad' into text field 'name=q'.</msg>
<status status="PASS" starttime="20230626 09:21:28.176" endtime="20230626 09:21:28.274"/>
</kw>
<kw name="Press Keys" library="SeleniumLibrary">
<arg>name=q</arg>
<arg>\\13</arg>
<doc>Simulates the user pressing key(s) to an element or on the active browser.</doc>
<msg timestamp="20230626 09:21:28.275" level="INFO">Sending key(s) ('\\13',) to name=q element.</msg>
<msg timestamp="20230626 09:21:28.561" level="INFO">Sending keys \13</msg>
<status status="PASS" starttime="20230626 09:21:28.274" endtime="20230626 09:21:28.580"/>
</kw>
<status status="PASS" starttime="20230626 09:21:28.175" endtime="20230626 09:21:28.580"/>
</kw>
<kw name="Wait Until Page Contains" library="SeleniumLibrary">
<arg>Universidad</arg>
<doc>Waits until ``text`` appears on the current page.</doc>
<status status="PASS" starttime="20230626 09:21:28.581" endtime="20230626 09:21:28.601"/>
</kw>
<kw name="Close All Browsers" library="SeleniumLibrary">
<doc>Closes all open browsers and resets the browser cache.</doc>
<status status="PASS" starttime="20230626 09:21:28.601" endtime="20230626 09:21:34.794"/>
</kw>
<status status="PASS" starttime="20230626 09:21:25.781" endtime="20230626 09:21:34.795"/>
</test>
<status status="PASS" starttime="20230626 09:21:25.604" endtime="20230626 09:21:34.796"/>
</suite>
<statistics>
<total>
<stat pass="1" fail="0" skip="0">All Tests</stat>
</total>
<tag>
</tag>
<suite>
<stat pass="1" fail="0" skip="0" id="s1" name="Busqueda">Busqueda</stat>
</suite>
</statistics>
<errors>
</errors>
</robot>
